<?xml version="1.0" encoding="UTF-8"?>
<!-- Generated by org.testng.reporters.JUnitReportReporter -->
<testsuite skipped="0" hostname="DESKTOP-C2IM9GU" name="com.qa.api.gorest.tests.GetUserTest" tests="2" failures="0" timestamp="15 Mar 2021 22:31:27 GMT" time="5.162" errors="0">
  <testcase name="getAllUserWithQueryParamTest" time="4.155" classname="com.qa.api.gorest.tests.GetUserTest"/>
  <testcase name="getAllUserlistAPITest" time="1.007" classname="com.qa.api.gorest.tests.GetUserTest"/>
</testsuite> <!-- com.qa.api.gorest.tests.GetUserTest -->
