<?xml version="1.0" encoding="UTF-8"?>
<!-- Generated by org.testng.reporters.JUnitReportReporter -->
<testsuite skipped="0" hostname="DESKTOP-C2IM9GU" name="com.qa.api.gorest.tests.CreateUserTest" tests="4" failures="0" timestamp="15 Mar 2021 22:42:28 GMT" time="8.791" errors="0">
  <testcase name="postUserAPITest" time="1.483" classname="com.qa.api.gorest.tests.CreateUserTest"/>
  <testcase name="postUserAPITest" time="5.328" classname="com.qa.api.gorest.tests.CreateUserTest"/>
  <testcase name="postUserAPITest" time="0.964" classname="com.qa.api.gorest.tests.CreateUserTest"/>
  <testcase name="postUserAPITest" time="1.016" classname="com.qa.api.gorest.tests.CreateUserTest"/>
</testsuite> <!-- com.qa.api.gorest.tests.CreateUserTest -->
